

HI-TECH Software 8051 Macro Assembler V9.60                                Page 1
                                                       Fri Apr 29 13:12:27 2022

     1                           	psect	idata,class=DATA,space=1,limit=080h
     2                           	psect	irdata,class=DATA,limit=080h
     3                           	global	_main
     4                           	signat	_main,88
     5                           	global	stack_internal
     6                           	psect	text,class=CODE
     7                           	psect	text
     8                           	file	"C:\Users\USER\Desktop\3F328~1\3F75B~1\CC2
                                 A~1\53F3~1\5377F~1\pr5\pr5\main.c"
     9                           	line	3
    10  00003                     _main:
    11  00003  02 00EE            	j	f1411
    12  00006                     f1410:
    13                           ;main.c: 2: void main()
    14                           
    15                           ;main.c: 3: {
    16                           
    17                           ;	var   _i assigned to ?a_main+0
    18                           ;	var   _j assigned to ?a_main+1
    19                           ;	var   _str assigned to ?a_main+2
    20                           ;main.c: 4: unsigned char i,j;
    21                           
    22                           ;main.c: 5: unsigned char *str = "00";
    23                           
    24                           	line	5
    25  00006  75 22  01          	mov	?a_main+2,#high(0+u19)
    26  00009  75 23  4E          	mov	?a_main+2+1,#low(0+u19)
    27                           	psect	data,class=CODE
    28                           	psect	data
    29  00100                     F159:
    30  00100  FE                 	db	(254)
    31  00101  FD                 	db	(253)
    32  00102  FB                 	db	(251)
    33  00103  F7                 	db	(247)
    34  00104  EF                 	db	(239)
    35                           ;	var   _row assigned to ?a_main+4
    36                           ;main.c: 6: unsigned char row[5] = {0xFE, 0xFD, 
                                 0xFB, 0xF7, 0xEF};
    37                           
    38                           	psect	text
    39                           	line	6
    40  0000C  78 01              	mov	r0,#high (F159)
    41  0000E  79 00              	mov	r1,#low (F159)
    42  00010  7A 00              	mov	r2,#high (?a_main+4)
    43  00012  7B 24              	mov	r3,#low (?a_main+4)
    44  00014  7D 05              	mov	r5,#low 5
    45  00016  7C 00              	mov	r4,#high 5
    46                           	global	str_copy
    47  00018  12 01DA            	lcall	str_copy
    48                           	psect	data
    49  00105                     F163:
    50  00105  1E                 	db	(30)
    51  00106  1D                 	db	(29)
    52  00107  1B                 	db	(27)
    53  00108  17                 	db	(23)
    54  00109  0F                 	db	(15)
    55                           ;	var   _col assigned to ?a_main+9
    56                           ;main.c: 7: unsigned char col[5] = {0x1E, 0x1D, 
                                 0x1B, 0x17, 0xF};
    57                           
    58                           	psect	text
    59                           	line	7
    60  0001B  78 01              	mov	r0,#high (F163)
    61  0001D  79 05              	mov	r1,#low (F163)
    62  0001F  7A 00              	mov	r2,#high (?a_main+9)
    63  00021  7B 29              	mov	r3,#low (?a_main+9)
    64  00023  7D 05              	mov	r5,#low 5
    65  00025  7C 00              	mov	r4,#high 5
    66                           	global	str_copy
    67  00027  12 01DA            	lcall	str_copy
    68                           	psect	data
    69  0010A                     F167:
    70  0010A  014C               	dw	(0+u29)
    71  0010C  014A               	dw	(0+u39)
    72  0010E  0148               	dw	(0+u49)
    73  00110  0146               	dw	(0+u59)
    74  00112  0144               	dw	(0+u69)
    75  00114  0142               	dw	(0+u79)
    76  00116  0140               	dw	(0+u89)
    77  00118  013E               	dw	(0+u99)
    78  0011A  013C               	dw	(0+u109)
    79  0011C  00 00 00 00 00 00  	db	0,0,0,0,0,0,0,0,0,0,0,0,0,0,0,0
              00 00 00 00 00 00  
              00 00 00 00        
    80  0012C  00 00 00 00 00 00  	db	0,0,0,0,0,0,0,0,0,0,0,0,0,0,0,0
              00 00 00 00 00 00  
              00 00 00 00        
    81                           ;	var   _num assigned to ?a_main+14
    82                           ;main.c: 8: unsigned char *num[25] = {"1","2","3
                                 ","4","5","6","7","8","9"};
    83                           
    84                           	psect	text
    85                           	line	8
    86  0002A  78 01              	mov	r0,#high (F167)
    87  0002C  79 0A              	mov	r1,#low (F167)
    88  0002E  7A 00              	mov	r2,#high (?a_main+14)
    89  00030  7B 2E              	mov	r3,#low (?a_main+14)
    90  00032  7D 32              	mov	r5,#low 50
    91  00034  7C 00              	mov	r4,#high 50
    92                           	global	str_copy
    93  00036  12 01DA            	lcall	str_copy
    94                           ;main.c: 9: while(1){
    95                           
    96                           	line	9
    97  00039                     l7:
    98                           ;main.c: 10: for(i=0;i<5;i++)
    99                           
   100                           	line	10
   101  00039  75 20  00          	mov	?a_main+0,#0
   102  0003C  E5 20              	mov	a,?a_main+0
   103  0003E  24 FB              	add	a,#-05h
   104  00040  50 02              	bnc	u11
   105  00042  80 02              	jmp	u10
   106  00044                     u11:
   107  00044  80 03              	jmp	l9
   108  00046                     u10:
   109  00046  02 00EA            	jmp	l10
   110                           	line	11
   111  00049                     l9:
   112                           ;main.c: 11: {
   113                           
   114                           ;main.c: 12: P3=col[i];
   115                           
   116                           	line	12
   117  00049  74 29              	mov	a,#?a_main+9
   118  0004B  A9 20              	mov	r1,?a_main+0
   119  0004D  78 00              	mov	r0,#0
   120  0004F  29                 	add	a,r1
   121  00050  F9                 	mov	r1,a
   122  00051  87 B0              	mov	0B0h,@r1
   123                           ;main.c: 13: for(j=0;j<5;j++)
   124                           
   125                           	line	13
   126  00053  75 21  00          	mov	?a_main+1,#0
   127  00056  E5 21              	mov	a,?a_main+1
   128  00058  24 FB              	add	a,#-05h
   129  0005A  50 02              	bnc	u21
   130  0005C  80 02              	jmp	u20
   131  0005E                     u21:
   132  0005E  80 02              	jmp	l12
   133  00060                     u20:
   134  00060  80 7B              	jmp	l13
   135                           	line	14
   136  00062                     l12:
   137                           ;main.c: 14: {
   138                           
   139                           ;main.c: 15: if(P1 == row[j])
   140                           
   141                           	line	15
   142  00062  74 24              	mov	a,#?a_main+4
   143  00064  A9 21              	mov	r1,?a_main+1
   144  00066  78 00              	mov	r0,#0
   145  00068  29                 	add	a,r1
   146  00069  F9                 	mov	r1,a
   147  0006A  E7                 	mov	a,@r1
   148  0006B  B5 90 63           	cbne	a,090h,l15
   149                           ;main.c: 16: {
   150                           
   151                           ;main.c: 17: P0 = 0x38;
   152                           
   153                           	line	17
   154  0006E  75 80 38           	mov	080h,#56
   155                           ;main.c: 18: P2 = 0x1;
   156                           
   157                           	line	18
   158  00071  75 A0 01           	mov	0A0h,#1
   159                           ;main.c: 19: P2 = 0x0;
   160                           
   161                           	line	19
   162  00074  75 A0 00           	mov	0A0h,#0
   163                           ;main.c: 20: P0 = 0x80;
   164                           
   165                           	line	20
   166  00077  75 80 80           	mov	080h,#128
   167                           ;main.c: 21: P2 = 0x1;
   168                           
   169                           	line	21
   170  0007A  75 A0 01           	mov	0A0h,#1
   171                           ;main.c: 22: P2 = 0x0;
   172                           
   173                           	line	22
   174  0007D  75 A0 00           	mov	0A0h,#0
   175                           ;main.c: 23: str = num[i+j*5];
   176                           
   177                           	line	23
   178  00080  E5 21              	mov	a,?a_main+1
   179  00082  75 F0 05           	mov	b,#05h
   180  00085  A4                 	mul	ab
   181  00086  25 20              	add	a,?a_main+0
   182  00088  50 02              	jnc	u34
   183  0008A  05 F0              	inc	b
   184  0008C                     u34:
   185  0008C  A8 F0              	mov	r0,b
   186  0008E  A9 E0              	mov	r1,acc
   187  00090  E9                 	mov	a,r1
   188  00091  C3                 	clr	c
   189  00092  33                 	rlc	a
   190  00093  F9                 	mov	r1,a
   191  00094  E8                 	mov	a,r0
   192  00095  33                 rlc	a
   193  00096  F8                 	mov	r0,a
   194                           
   195  00097  74 2E              	mov	a,#?a_main+14
   196  00099  29                 	add	a,r1
   197  0009A  F9                 	mov	r1,a
   198  0009B  87 22              	mov	?a_main+2,@r1
   199  0009D  09                 	inc	r1
   200  0009E  87 23              	mov	?a_main+2+1,@r1
   201                           ;main.c: 24: for(i=0;i<2;i++)
   202                           
   203                           	line	24
   204  000A0  75 20  00          	mov	?a_main+0,#0
   205  000A3  E5 20              	mov	a,?a_main+0
   206  000A5  24 FE              	add	a,#-02h
   207  000A7  50 02              	bnc	u41
   208  000A9  80 02              	jmp	u40
   209  000AB                     u41:
   210  000AB  80 02              	jmp	l16
   211  000AD                     u40:
   212  000AD  80 22              	jmp	l17
   213                           	line	25
   214  000AF                     l16:
   215                           ;main.c: 25: {
   216                           
   217                           ;main.c: 26: P0 = str[i];
   218                           
   219                           	line	26
   220  000AF  E5 20              	mov	a,?a_main+0
   221  000B1  25 23              	add	a,?a_main+2+1
   222  000B3  F5 82              	mov	dpl,a
   223  000B5  E4                 	clr	a
   224  000B6  35 22              	addc	a,?a_main+2
   225  000B8  F5 83              	mov	dph,a
   226                           	global	ldc_byte
   227  000BA  12 0151            	call	ldc_byte
   228  000BD  F5 80              	mov	080h,a
   229                           ;main.c: 27: P2 = 0x3;
   230                           
   231                           	line	27
   232  000BF  75 A0 03           	mov	0A0h,#3
   233                           ;main.c: 28: P2 = 0x2;
   234                           
   235                           	line	28
   236  000C2  75 A0 02           	mov	0A0h,#2
   237                           	line	24
   238  000C5  05 20              	inc	?a_main+0
   239  000C7  E5 20              	mov	a,?a_main+0
   240  000C9  24 FE              	add	a,#-02h
   241  000CB  50 02              	bnc	u51
   242  000CD  80 02              	jmp	u50
   243  000CF                     u51:
   244  000CF  80 DE              	jmp	l16
   245  000D1                     u50:
   246  000D1                     l17:
   247                           	line	30
   248  000D1                     l15:
   249                           	line	13
   250  000D1  05 21              	inc	?a_main+1
   251  000D3  E5 21              	mov	a,?a_main+1
   252  000D5  24 FB              	add	a,#-05h
   253  000D7  50 02              	bnc	u61
   254  000D9  80 02              	jmp	u60
   255  000DB                     u61:
   256  000DB  80 85              	jmp	l12
   257  000DD                     u60:
   258  000DD                     l13:
   259                           	line	10
   260  000DD  05 20              	inc	?a_main+0
   261  000DF  E5 20              	mov	a,?a_main+0
   262  000E1  24 FB              	add	a,#-05h
   263  000E3  50 02              	bnc	u71
   264  000E5  80 03              	jmp	u70
   265  000E7                     u71:
   266  000E7  02 0049            	jmp	l9
   267  000EA                     u70:
   268  000EA                     l10:
   269                           	line	33
   270  000EA                     l6:
   271                           	line	9
   272  000EA  02 0039            	jmp	l7
   273  000ED                     l8:
   274                           ;main.c: 29: }
   275                           
   276                           ;main.c: 30: }
   277                           
   278                           ;main.c: 31: }
   279                           
   280                           ;main.c: 32: }
   281                           
   282                           ;main.c: 33: }
   283                           
   284                           ;main.c: 35: }
   285                           
   286                           	line	35
   287  000ED                     l5:
   288  000ED  22                 	ret
   289  000EE                     f1411:
   290  000EE  02 0006            	j	f1410
   291                           	FNSIZE	_main,64,0
   292                           	global	?a_main
   293  0000                     f1412	equ	0
   294                           	psect	strings,class=CODE
   295                           	psect	strings
   296  0013C                     u109:
   297  0013C  39 00              	db	57,0
   298  0013E                     u99:
   299  0013E  38 00              	db	56,0
   300  00140                     u89:
   301  00140  37 00              	db	55,0
   302  00142                     u79:
   303  00142  36 00              	db	54,0
   304  00144                     u69:
   305  00144  35 00              	db	53,0
   306  00146                     u59:
   307  00146  34 00              	db	52,0
   308  00148                     u49:
   309  00148  33 00              	db	51,0
   310  0014A                     u39:
   311  0014A  32 00              	db	50,0
   312  0014C                     u29:
   313  0014C  31 00              	db	49,0
   314  0014E                     u19:
   315  0014E  30 30 00           	db	48,48,0
   316  0000                     _A10	equ	162
   317  0000                     _A11	equ	163
   318  0000                     _A12	equ	164
   319  0000                     _A13	equ	165
   320  0000                     _A14	equ	166
   321  0000                     _A15	equ	167
   322  0000                     _A8	equ	160
   323  0000                     _A9	equ	161
   324  0000                     _AC	equ	214
   325  0000                     _ACC0	equ	224
   326  0000                     _ACC1	equ	225
   327+ 0000                     _ACC2	equ	226
   328  0000                     _ACC3	equ	227
   329  0000                     _ACC4	equ	228
   330  0000                     _ACC5	equ	229
   331  0000                     _ACC6	equ	230
   332  0000                     _ACC7	equ	231
   333  0000                     _AD0	equ	128
   334  0000                     _AD1	equ	129
   335  0000                     _AD2	equ	130
   336  0000                     _AD3	equ	131
   337  0000                     _AD4	equ	132
   338  0000                     _AD5	equ	133
   339  0000                     _AD6	equ	134
   340  0000                     _AD7	equ	135
   341  0000                     _B0	equ	240
   342  0000                     _B1	equ	241
   343  0000                     _B2	equ	242
   344  0000                     _B3	equ	243
   345  0000                     _B4	equ	244
   346  0000                     _B5	equ	245
   347  0000                     _B6	equ	246
   348  0000                     _B7	equ	247
   349  0000                     _CY	equ	215
   350  0000                     _EA	equ	175
   351  0000                     _ES	equ	172
   352  0000                     _ET0	equ	169
   353  0000                     _ET1	equ	171
   354  0000                     _EX0	equ	168
   355  0000                     _EX1	equ	170
   356  0000                     _F0	equ	213
   357  0000                     _IE0	equ	137
   358  0000                     _IE1	equ	139
   359  0000                     _INT0	equ	178
   360  0000                     _INT1	equ	179
   361  0000                     _IT0	equ	136
   362  0000                     _IT1	equ	138
   363  0000                     _OV	equ	210
   364  0000                     _P	equ	208
   365  0000                     _P00	equ	128
   366  0000                     _P01	equ	129
   367  0000                     _P02	equ	130
   368  0000                     _P03	equ	131
   369  0000                     _P04	equ	132
   370  0000                     _P05	equ	133
   371  0000                     _P06	equ	134
   372  0000                     _P07	equ	135
   373  0000                     _P10	equ	144
   374  0000                     _P11	equ	145
   375  0000                     _P12	equ	146
   376  0000                     _P13	equ	147
   377  0000                     _P14	equ	148
   378  0000                     _P15	equ	149
   379  0000                     _P16	equ	150
   380  0000                     _P17	equ	151
   381  0000                     _P20	equ	160
   382  0000                     _P21	equ	161
   383  0000                     _P22	equ	162
   384  0000                     _P23	equ	163
   385  0000                     _P24	equ	164
   386  0000                     _P25	equ	165
   387  0000                     _P26	equ	166
   388  0000                     _P27	equ	167
   389  0000                     _P30	equ	176
   390  0000                     _P31	equ	177
   391  0000                     _P32	equ	178
   392  0000                     _P33	equ	179
   393  0000                     _P34	equ	180
   394  0000                     _P35	equ	181
   395  0000                     _P36	equ	182
   396  0000                     _P37	equ	183
   397  0000                     _PS	equ	188
   398  0000                     _PT0	equ	185
   399  0000                     _PT1	equ	187
   400  0000                     _PX0	equ	184
   401  0000                     _PX1	equ	186
   402  0000                     _RB8	equ	154
   403  0000                     _RD	equ	183
   404  0000                     _REN	equ	156
   405  0000                     _RI	equ	152
   406  0000                     _RS0	equ	211
   407  0000                     _RS1	equ	212
   408  0000                     _RXD	equ	176
   409  0000                     _SM0	equ	159
   410  0000                     _SM1	equ	158
   411  0000                     _SM2	equ	157
   412  0000                     _T0	equ	180
   413  0000                     _T1	equ	181
   414  0000                     _TB8	equ	155
   415  0000                     _TF0	equ	141
   416  0000                     _TF1	equ	143
   417  0000                     _TI	equ	153
   418  0000                     _TR0	equ	140
   419  0000                     _TR1	equ	142
   420  0000                     _TXD	equ	177
   421  0000                     _WR	equ	182
   422  0000                     _ACC	equ	224
   423  0000                     _B	equ	240
   424  0000                     _DPH	equ	131
   425  0000                     _DPL	equ	130
   426  0000                     _IE	equ	168
   427  0000                     _IP	equ	184
   428  0000                     _P0	equ	128
   429  0000                     _P1	equ	144
   430  0000                     _P2	equ	160
   431  0000                     _P3	equ	176
   432  0000                     _PCON	equ	135
   433  0000                     _PSW	equ	208
   434  0000                     _SBUF	equ	153
   435  0000                     _SCON	equ	152
   436  0000                     _SP	equ	129
   437  0000                     _TCON	equ	136
   438  0000                     _TH0	equ	140
   439  0000                     _TH1	equ	141
   440  0000                     _TL0	equ	138
   441  0000                     _TL1	equ	139
   442  0000                     _TMOD	equ	137
   443  0000                     _ACC_BITS	equ	224
   444  0000                     _B_BITS	equ	240
   445  0000                     _IE_BITS	equ	168
   446  0000                     _IP_BITS	equ	184
   447  0000                     _P0_BITS	equ	128
   448  0000                     _P1_BITS	equ	144
   449  0000                     _P2_BITS	equ	160
   450  0000                     _P3_BITS	equ	176
   451  0000                     _PCON_BITS	equ	135
   452  0000                     _PSW_BITS	equ	208
   453  0000                     _SCON_BITS	equ	152
   454  0000                     _TCON_BITS	equ	136
   455  0000                     _TMOD_BITS	equ	137


HI-TECH Software 8051 Macro Assembler V9.60                                Page 2
Symbol Table                                           Fri Apr 29 13:12:27 2022

       ?a_main 00020              _B 000F0              l5 000ED  
            _P 000D0              l6 000EA              l7 00039  
            l8 000ED              l9 00049             _B0 000F0  
           _B1 000F1             _B2 000F2             _B3 000F3  
           _B4 000F4             _B5 000F5             _B6 000F6  
           _A8 000A0             _B7 000F7             _A9 000A1  
           _F0 000D5             _AC 000D6             l10 000EA  
           l12 00062             l13 000DD             _EA 000AF  
           l15 000D1             l16 000AF             l17 000D1  
           _P0 00080             _P1 00090             _P2 000A0  
           _P3 000B0             _IE 000A8             _T0 000B4  
           _T1 000B5             _ES 000AC             _CY 000D7  
           _IP 000B8             _RD 000B7             u10 00046  
           u11 00044             u20 00060             _RI 00098  
           u21 0005E             u40 000AD             _TI 00099  
           u41 000AB             u50 000D1             u34 0008C  
           _PS 000BC             u51 000CF             u19 0014E  
           _OV 000D2             u60 000DD             u61 000DB  
           u29 0014C             _SP 00081             u70 000EA  
           u71 000E7             u39 0014A             u49 00148  
           u59 00146             u69 00144             u79 00142  
           _WR 000B6             u89 00140             u99 0013E  
       _B_BITS 000F0            F163 00105            F167 0010A  
          F159 00100            _A10 000A2            _A11 000A3  
          _A12 000A4            _A13 000A5            _A14 000A6  
          _A15 000A7            _AD0 00080            _AD1 00081  
          _AD2 00082            _AD3 00083            _AD4 00084  
          _AD5 00085            _AD6 00086            _AD7 00087  
          _ACC 000E0            _P00 00080            _P01 00081  
          _P10 00090            _P02 00082            _P11 00091  
          _P03 00083            _P20 000A0            _P12 00092  
          _P04 00084            _P21 000A1            _P13 00093  
          _P05 00085            _P30 000B0            _P22 000A2  
          _P14 00094            _P06 00086            _P31 000B1  
          _P23 000A3            _P15 00095            _P07 00087  
          _P32 000B2            _P24 000A4            _P16 00096  
          _P33 000B3            _P25 000A5            _P17 00097  
          _P34 000B4            _P26 000A6            _P35 000B5  
          _P27 000A7            _P36 000B6            _P37 000B7  
          _IE0 00089            _IE1 0008B            _ET0 000A9  
          _ET1 000AB            _EX0 000A8            _EX1 000AA  
          _DPH 00083            _DPL 00082            _IT0 00088  
          _IT1 0008A            _RB8 0009A            _TF0 0008D  
          _TB8 0009B            _TF1 0008F            u109 0013C  
          _TH0 0008C            _TH1 0008D            _SM0 0009F  
          _SM1 0009E            _TL0 0008A            _SM2 0009D  
          _PT0 000B9            _TL1 0008B            _PT1 000BB  
          _RS0 000D3            _RS1 000D4            _REN 0009C  
          _PX0 000B8            _PX1 000BA            _TR0 0008C  
          _TR1 0008E            _RXD 000B0            _PSW 000D0  
          _TXD 000B1        _P0_BITS 00080        _P1_BITS 00090  
      _P2_BITS 000A0        _P3_BITS 000B0        _IE_BITS 000A8  
     _ACC_BITS 000E0        _IP_BITS 000B8           f1410 00006  
         f1411 000EE           f1412 00000           _ACC0 000E0  
         _ACC1 000E1           _ACC2 000E2           _ACC3 000E3  
         _ACC4 000E4           _ACC5 000E5           _ACC6 000E6  
         _ACC7 000E7  stack_internal 00001           _INT0 000B2  
         _INT1 000B3           _PCON 00087           _SCON 00098  
         _SBUF 00099           _TCON 00088           _TMOD 00089  
         _main 00003       _PSW_BITS 000D0        ldc_byte 00151  
    _PCON_BITS 00087      _SCON_BITS 00098      _TCON_BITS 00088  
      str_copy 001DA      _TMOD_BITS 00089  
