

HI-TECH Software 8051 Macro Assembler V9.60                                Page 1
                                                       Wed May 04 17:54:10 2022

     1                           	psect	idata,class=DATA,space=1,limit=080h
     2                           	psect	irdata,class=DATA,limit=080h
     3                           	global	_msec
     4                           	signat	_msec,4216
     5                           	global	stack_internal
     6                           	psect	text,class=CODE
     7                           	psect	text
     8                           	file	"C:\Users\USER\Desktop\3F328~1\3F75B~1\CC2
                                 A~1\53F3~1\4818A~1\PRAKTI~1\project1\main.c"
     9                           	line	3
    10  00003                     _msec:
    11  00003  80 33              	j	f1411
    12  00005                     f1410:
    13                           ;main.c: 2: void msec (int x)
    14                           
    15                           ;main.c: 3: {
    16                           
    17                           ;main.c: 4: while(x-->0)
    18                           
    19                           ;	var   _x assigned to ?a_msec+0
    20                           ;_x stored from WR2
    21  00005  8C 20              	mov	?a_msec+0,r4
    22  00007  8D 21              	mov	?a_msec+0+1,r5
    23                           	line	4
    24  00009  80 13              	jmp	l3
    25  0000B                     l4:
    26                           ;main.c: 5: {
    27                           
    28                           ;main.c: 6: TH0 = (-10000)>>8 ;
    29                           
    30                           	line	6
    31  0000B  75 8C D8           	mov	08Ch,#216
    32                           ;main.c: 7: TL0=-10000;
    33                           
    34                           	line	7
    35  0000E  75 8A F0           	mov	08Ah,#240
    36                           ;main.c: 8: TR0=1;
    37                           
    38                           	line	8
    39  00011  D2 8C              	setb	tcon.4
    40                           ;main.c: 9: do;
    41                           
    42                           	line	9
    43  00013                     l8:
    44                           ;main.c: 10: while(TF0==0);
    45                           
    46                           	line	10
    47  00013  30 8D 02           	bnb	tcon.5, u11
    48  00016  80 02              	jmp	u10
    49  00018                     u11:
    50  00018  80 F9              	jmp	l8
    51  0001A                     u10:
    52  0001A                     l7:
    53                           ;main.c: 11: TF0=0;
    54                           
    55                           	line	11
    56  0001A  C2 8D              	clr	tcon.5
    57                           ;main.c: 12: TR0=0;
    58                           
    59                           	line	12
    60  0001C  C2 8C              	clr	tcon.4
    61                           	line	13
    62  0001E                     l3:
    63                           	line	4
    64  0001E  AC 20              	mov	r4,?a_msec+0
    65  00020  E5 21              	mov	a,?a_msec+0+1
    66  00022  FD                 	mov	r5,a
    67  00023  15 21              	dec	?a_msec+0+1
    68  00025  70 02              	jnz	u24
    69  00027  15 20              	dec	?a_msec+0
    70  00029                     u24:
    71  00029  ED                 	mov	a,r5
    72  0002A  24 FF              	add	a,#low -(1)
    73  0002C  EC                 	mov	a,r4
    74  0002D  64 80              	xrl	a,#80h
    75  0002F  34 7F              	addc	a,#(high -(1))xor 80h
    76  00031  40 02              	bc	u31
    77  00033  80 02              	jmp	u30
    78  00035                     u31:
    79  00035  80 D4              	jmp	l4
    80  00037                     u30:
    81  00037                     l5:
    82                           ;main.c: 13: }
    83                           
    84                           ;main.c: 14: }
    85                           
    86                           	line	14
    87  00037                     l2:
    88  00037  22                 	ret
    89  00038                     f1411:
    90  00038  80 CB              	j	f1410
    91                           	FNSIZE	_msec,2,0
    92                           	global	?a_msec
    93  0000                     f1412	equ	0
    94                           	global	_main
    95                           	signat	_main,88
    96                           	line	16
    97  0003A                     _main:
    98  0003A  80 3E              	j	f1421
    99  0003C                     f1420:
   100                           ;main.c: 15: void main()
   101                           
   102                           ;main.c: 16: {
   103                           
   104                           ;main.c: 17: TMOD=2x1;
   105                           
   106                           	line	17
   107  0003C  75 89 01           	mov	089h,#1
   108                           ;main.c: 18: P1=0x0;
   109                           
   110                           	line	18
   111  0003F  75 90 00           	mov	090h,#0
   112                           ;main.c: 19: P1=0x1;
   113                           
   114                           	line	19
   115  00042  75 90 01           	mov	090h,#1
   116                           ;main.c: 20: msec(100);
   117                           
   118                           	FNCALL	_main,_msec
   119                           	line	20
   120  00045  7C 00              	mov	r4,#high (100)
   121  00047  7D 64              	mov	r5,#low (100)
   122  00049  12 0003            	lcall	_msec
   123                           
   124                           ;main.c: 21: P1=0x6;
   125                           
   126                           	line	21
   127  0004C  75 90 06           	mov	090h,#6
   128                           ;main.c: 22: msec(400);
   129                           
   130                           	line	22
   131  0004F  7C 01              	mov	r4,#high (400)
   132  00051  7D 90              	mov	r5,#low (400)
   133  00053  12 0003            	lcall	_msec
   134                           
   135                           ;main.c: 23: P1=0x20;
   136                           
   137                           	line	23
   138  00056  75 90 20           	mov	090h,#32
   139                           ;main.c: 24: msec(100);
   140                           
   141                           	line	24
   142  00059  7C 00              	mov	r4,#high (100)
   143  0005B  7D 64              	mov	r5,#low (100)
   144  0005D  12 0003            	lcall	_msec
   145                           
   146                           ;main.c: 25: P1=0x40;
   147                           
   148                           	line	25
   149  00060  75 90 40           	mov	090h,#64
   150                           ;main.c: 26: msec(400);
   151                           
   152                           	line	26
   153  00063  7C 01              	mov	r4,#high (400)
   154  00065  7D 90              	mov	r5,#low (400)
   155  00067  12 0003            	lcall	_msec
   156                           
   157                           ;main.c: 27: P1=0x18;
   158                           
   159                           	line	27
   160  0006A  75 90 18           	mov	090h,#24
   161                           ;main.c: 28: msec(800);
   162                           
   163                           	line	28
   164  0006D  7C 03              	mov	r4,#high (800)
   165  0006F  7D 20              	mov	r5,#low (800)
   166  00071  12 0003            	lcall	_msec
   167                           
   168                           ;main.c: 29: P1=0x0;
   169                           
   170                           	line	29
   171  00074  75 90 00           	mov	090h,#0
   172                           ;main.c: 30: while(1);
   173                           
   174                           	line	30
   175  00077                     l11:
   176  00077                     l10:
   177  00077  80 FE              	jmp	l11
   178  00079                     l12:
   179                           ;main.c: 31: }
   180                           
   181                           	line	31
   182  00079                     l9:
   183  00079  22                 	ret
   184  0007A                     f1421:
   185  0007A  80 C0              	j	f1420
   186  0000                     f1422	equ	0
   187  0000                     _A10	equ	162
   188  0000                     _A11	equ	163
   189  0000                     _A12	equ	164
   190  0000                     _A13	equ	165
   191  0000                     _A14	equ	166
   192  0000                     _A15	equ	167
   193  0000                     _A8	equ	160
   194  0000                     _A9	equ	161
   195  0000                     _AC	equ	214
   196  0000                     _ACC0	equ	224
   197  0000                     _ACC1	equ	225
   198  0000                     _ACC2	equ	226
   199  0000                     _ACC3	equ	227
   200  0000                     _ACC4	equ	228
   201  0000                     _ACC5	equ	229
   202  0000                     _ACC6	equ	230
   203  0000                     _ACC7	equ	231
   204  0000                     _AD0	equ	128
   205  0000                     _AD1	equ	129
   206  0000                     _AD2	equ	130
   207  0000                     _AD3	equ	131
   208  0000                     _AD4	equ	132
   209  0000                     _AD5	equ	133
   210  0000                     _AD6	equ	134
   211  0000                     _AD7	equ	135
   212  0000                     _B0	equ	240
   213  0000                     _B1	equ	241
   214  0000                     _B2	equ	242
   215  0000                     _B3	equ	243
   216  0000                     _B4	equ	244
   217  0000                     _B5	equ	245
   218  0000                     _B6	equ	246
   219  0000                     _B7	equ	247
   220  0000                     _CY	equ	215
   221  0000                     _EA	equ	175
   222  0000                     _ES	equ	172
   223  0000                     _ET0	equ	169
   224  0000                     _ET1	equ	171
   225  0000                     _EX0	equ	168
   226  0000                     _EX1	equ	170
   227  0000                     _F0	equ	213
   228  0000                     _IE0	equ	137
   229  0000                     _IE1	equ	139
   230  0000                     _INT0	equ	178
   231  0000                     _INT1	equ	179
   232  0000                     _IT0	equ	136
   233  0000                     _IT1	equ	138
   234  0000                     _OV	equ	210
   235  0000                     _P	equ	208
   236  0000                     _P00	equ	128
   237  0000                     _P01	equ	129
   238  0000                     _P02	equ	130
   239  0000                     _P03	equ	131
   240  0000                     _P04	equ	132
   241  0000                     _P05	equ	133
   242  0000                     _P06	equ	134
   243  0000                     _P07	equ	135
   244  0000                     _P10	equ	144
   245  0000                     _P11	equ	145
   246  0000                     _P12	equ	146
   247  0000                     _P13	equ	147
   248  0000                     _P14	equ	148
   249  0000                     _P15	equ	149
   250  0000                     _P16	equ	150
   251  0000                     _P17	equ	151
   252  0000                     _P20	equ	160
   253  0000                     _P21	equ	161
   254  0000                     _P22	equ	162
   255  0000                     _P23	equ	163
   256  0000                     _P24	equ	164
   257  0000                     _P25	equ	165
   258  0000                     _P26	equ	166
   259  0000                     _P27	equ	167
   260  0000                     _P30	equ	176
   261  0000                     _P31	equ	177
   262  0000                     _P32	equ	178
   263  0000                     _P33	equ	179
   264  0000                     _P34	equ	180
   265  0000                     _P35	equ	181
   266  0000                     _P36	equ	182
   267  0000                     _P37	equ	183
   268  0000                     _PS	equ	188
   269  0000                     _PT0	equ	185
   270  0000                     _PT1	equ	187
   271  0000                     _PX0	equ	184
   272  0000                     _PX1	equ	186
   273  0000                     _RB8	equ	154
   274  0000                     _RD	equ	183
   275  0000                     _REN	equ	156
   276  0000                     _RI	equ	152
   277  0000                     _RS0	equ	211
   278  0000                     _RS1	equ	212
   279  0000                     _RXD	equ	176
   280  0000                     _SM0	equ	159
   281  0000                     _SM1	equ	158
   282  0000                     _SM2	equ	157
   283  0000                     _T0	equ	180
   284  0000                     _T1	equ	181
   285  0000                     _TB8	equ	155
   286  0000                     _TF0	equ	141
   287  0000                     _TF1	equ	143
   288  0000                     _TI	equ	153
   289  0000                     _TR0	equ	140
   290  0000                     _TR1	equ	142
   291  0000                     _TXD	equ	177
   292  0000                     _WR	equ	182
   293  0000                     _ACC	equ	224
   294  0000                     _B	equ	240
   295  0000                     _DPH	equ	131
   296  0000                     _DPL	equ	130
   297  0000                     _IE	equ	168
   298  0000                     _IP	equ	184
   299  0000                     _P0	equ	128
   300  0000                     _P1	equ	144
   301  0000                     _P2	equ	160
   302  0000                     _P3	equ	176
   303  0000                     _PCON	equ	135
   304  0000                     _PSW	equ	208
   305  0000                     _SBUF	equ	153
   306  0000                     _SCON	equ	152
   307  0000                     _SP	equ	129
   308  0000                     _TCON	equ	136
   309  0000                     _TH0	equ	140
   310  0000                     _TH1	equ	141
   311  0000                     _TL0	equ	138
   312  0000                     _TL1	equ	139
   313  0000                     _TMOD	equ	137
   314  0000                     _ACC_BITS	equ	224
   315  0000                     _B_BITS	equ	240
   316  0000                     _IE_BITS	equ	168
   317  0000                     _IP_BITS	equ	184
   318  0000                     _P0_BITS	equ	128
   319  0000                     _P1_BITS	equ	144
   320  0000                     _P2_BITS	equ	160
   321  0000                     _P3_BITS	equ	176
   322  0000                     _PCON_BITS	equ	135
   323  0000                     _PSW_BITS	equ	208
   324  0000                     _SCON_BITS	equ	152
   325  0000                     _TCON_BITS	equ	136
   326  0000                     _TMOD_BITS	equ	137


HI-TECH Software 8051 Macro Assembler V9.60                                Page 2
Symbol Table                                           Wed May 04 17:54:10 2022

            _B 000F0              l2 00037              l3 0001E  
            l4 0000B              l5 00037              _P 000D0  
            l7 0001A              l8 00013              l9 00079  
       ?a_msec 00020             _B0 000F0             _B1 000F1  
           _B2 000F2             _B3 000F3             _B4 000F4  
           _B5 000F5             _B6 000F6             _A8 000A0  
           _B7 000F7             _A9 000A1             _F0 000D5  
           _AC 000D6             l10 00077             l11 00077  
           l12 00079             _EA 000AF             _P0 00080  
           _P1 00090             _P2 000A0             _P3 000B0  
           _IE 000A8             _T0 000B4             _T1 000B5  
           _ES 000AC             _CY 000D7             _IP 000B8  
           _RD 000B7             u10 0001A             u11 00018  
           _RI 00098             u30 00037             u31 00035  
           u24 00029             _TI 00099             _PS 000BC  
           _OV 000D2             _SP 00081             _WR 000B6  
       _B_BITS 000F0            _A10 000A2            _A11 000A3  
          _A12 000A4            _A13 000A5            _A14 000A6  
          _A15 000A7            _AD0 00080            _AD1 00081  
          _AD2 00082            _AD3 00083            _AD4 00084  
          _AD5 00085            _AD6 00086            _AD7 00087  
          _ACC 000E0            _P00 00080            _P01 00081  
          _P10 00090            _P02 00082            _P11 00091  
          _P03 00083            _P20 000A0            _P12 00092  
          _P04 00084            _P21 000A1            _P13 00093  
          _P05 00085            _P30 000B0            _P22 000A2  
          _P14 00094            _P06 00086            _P31 000B1  
          _P23 000A3            _P15 00095            _P07 00087  
          _P32 000B2            _P24 000A4            _P16 00096  
          _P33 000B3            _P25 000A5            _P17 00097  
          _P34 000B4            _P26 000A6            _P35 000B5  
          _P27 000A7            _P36 000B6            _P37 000B7  
          _IE0 00089            _IE1 0008B            _ET0 000A9  
          _ET1 000AB            _EX0 000A8            _EX1 000AA  
          _DPH 00083            _DPL 00082            _IT0 00088  
          _IT1 0008A            _RB8 0009A            _TF0 0008D  
          _TB8 0009B            _TF1 0008F            _TH0 0008C  
          _TH1 0008D            _SM0 0009F            _SM1 0009E  
          _TL0 0008A            _SM2 0009D            _PT0 000B9  
          _TL1 0008B            _PT1 000BB            _RS0 000D3  
          _RS1 000D4            _REN 0009C            _PX0 000B8  
          _PX1 000BA            _TR0 0008C            _TR1 0008E  
          _RXD 000B0            _PSW 000D0            _TXD 000B1  
      _P0_BITS 00080        _P1_BITS 00090        _P2_BITS 000A0  
      _P3_BITS 000B0        _IE_BITS 000A8       _ACC_BITS 000E0  
      _IP_BITS 000B8           f1410 00005           f1411 00038  
         f1420 0003C           f1412 00000           f1421 0007A  
         f1422 00000           _ACC0 000E0           _ACC1 000E1  
         _ACC2 000E2           _ACC3 000E3           _ACC4 000E4  
         _ACC5 000E5           _ACC6 000E6           _ACC7 000E7  
stack_internal 00001           _INT0 000B2           _INT1 000B3  
         _PCON 00087           _SCON 00098           _SBUF 00099  
         _TCON 00088           _TMOD 00089           _main 0003A  
         _msec 00003       _PSW_BITS 000D0      _PCON_BITS 00087  
    _SCON_BITS 00098      _TCON_BITS 00088      _TMOD_BITS 00089  
