

HI-TECH Software 8051 Macro Assembler V9.60                                Page 1
                                                       Fri May 13 12:48:39 2022

     1                           	psect	idata,class=DATA,space=1,limit=080h
     2                           	psect	irdata,class=DATA,limit=080h
     3                           	global	_pp
     4                           	signat	_pp,4216
     5                           	global	stack_internal
     6                           	psect	text,class=CODE
     7                           	psect	text
     8                           	file	"C:\Users\USER\Desktop\3F328~1\3F75B~1\CC2
                                 A~1\53F3~1\65D01~1\pr6\pr6\main.c"
     9                           	line	3
    10  00124                     _pp:
    11  00124  80 20              	j	f1411
    12  00126                     f1410:
    13                           ;main.c: 3: void pp(unsigned char a){
    14                           
    15                           ;main.c: 4: ACC=a;
    16                           
    17                           	line	4
    18  00126  8D E0              	mov	0E0h,r5
    19                           ;main.c: 6: SCON = 0xCC;
    20                           
    21                           	line	6
    22  00128  75 98 CC           	mov	098h,#204
    23                           ;main.c: 7: TMOD = 0x20;
    24                           
    25                           	line	7
    26  0012B  75 89 20           	mov	089h,#32
    27                           ;main.c: 8: TH1 = 0xFF;
    28                           
    29                           	line	8
    30  0012E  75 8D FF           	mov	08Dh,#255
    31                           ;main.c: 9: TL1= 0xFF;
    32                           
    33                           	line	9
    34  00131  75 8B FF           	mov	08Bh,#255
    35                           ;main.c: 10: TR1 = 0x1;
    36                           
    37                           	line	10
    38  00134  D2 8E              	setb	tcon.6
    39                           ;main.c: 11: SBUF = a;
    40                           
    41                           	line	11
    42  00136  8D 99              	mov	099h,r5
    43                           ;main.c: 12: while(!TI);
    44                           
    45                           ;	var   _a assigned to ?a_pp+0
    46                           ;_a stored from r5
    47                           	line	12
    48  00138  8D 48              	mov	?a_pp+0,r5
    49  0013A  80 00              	jmp	l3
    50  0013C                     l4:
    51  0013C                     l3:
    52  0013C  30 99 02           	bnb	scon.1, u11
    53  0013F  80 02              	jmp	u10
    54  00141                     u11:
    55  00141  80 F9              	jmp	l4
    56  00143                     u10:
    57  00143                     l5:
    58                           ;main.c: 13: TI=0;
    59                           
    60                           	line	13
    61  00143  C2 99              	clr	scon.1
    62                           ;main.c: 15: }
    63                           
    64                           	line	15
    65  00145                     l2:
    66  00145  22                 	ret
    67  00146                     f1411:
    68  00146  80 DE              	j	f1410
    69                           	FNSIZE	_pp,1,0
    70                           	global	?a_pp
    71  0000                     f1412	equ	0
    72                           	global	_main
    73                           	signat	_main,88
    74                           	line	17
    75  00148                     _main:
    76  00148  02 0236            	j	f1421
    77  0014B                     f1420:
    78                           ;main.c: 16: void main()
    79                           
    80                           ;main.c: 17: {
    81                           
    82                           ;	var   _i assigned to ?a_main+0
    83                           ;main.c: 18: unsigned int i=0,j=0;
    84                           
    85                           	line	18
    86  0014B  E4                 	clr	a
    87  0014C  F5 20              	mov	?a_main+0,a
    88  0014E  F5 21              	mov	?a_main+0+1,a
    89                           ;	var   _j assigned to ?a_main+2
    90  00150  E4                 	clr	a
    91  00151  F5 22              	mov	?a_main+2,a
    92  00153  F5 23              	mov	?a_main+2+1,a
    93                           	psect	data,class=CODE
    94                           	psect	data
    95  00100                     F160:
    96  00100  42                 	db	(66)
    97  00101  41                 	db	(65)
    98  00102  4A                 	db	(74)
    99  00103  37                 	db	(55)
   100  00104  4B                 	db	(75)
   101  00105  4F                 	db	(79)
   102  00106  42                 	db	(66)
   103  00107  43                 	db	(67)
   104  00108  4B                 	db	(75)
   105  00109  75                 	db	(117)
   106  0010A  75                 	db	(117)
   107                           ;	var   _st1 assigned to ?a_main+4
   108                           ;main.c: 19: unsigned char st1 [11]={'B','A','J'
                                 ,'7','K','O','B','C','K','u','u'};
   109                           
   110                           	psect	text
   111                           	line	19
   112  00155  78 01              	mov	r0,#high (F160)
   113  00157  79 00              	mov	r1,#low (F160)
   114  00159  7A 00              	mov	r2,#high (?a_main+4)
   115  0015B  7B 24              	mov	r3,#low (?a_main+4)
   116  0015D  7D 0B              	mov	r5,#low 11
   117  0015F  7C 00              	mov	r4,#high 11
   118                           	global	str_copy
   119  00161  12 0019            	lcall	str_copy
   120                           	psect	data
   121  0010B                     F164:
   122  0010B  42                 	db	(66)
   123  0010C  75                 	db	(117)
   124  0010D  54                 	db	(84)
   125  0010E  61                 	db	(97)
   126  0010F  4A                 	db	(74)
   127  00110  37                 	db	(55)
   128  00111  75                 	db	(117)
   129  00112  75                 	db	(117)
   130                           ;	var   _st2 assigned to ?a_main+15
   131                           ;main.c: 20: unsigned char st2 [8]={'B','u','T',
                                 'a','J','7','u','u'};
   132                           
   133                           	psect	text
   134                           	line	20
   135  00164  78 01              	mov	r0,#high (F164)
   136  00166  79 0B              	mov	r1,#low (F164)
   137  00168  7A 00              	mov	r2,#high (?a_main+15)
   138  0016A  7B 2F              	mov	r3,#low (?a_main+15)
   139  0016C  7D 08              	mov	r5,#low 8
   140  0016E  7C 00              	mov	r4,#high 8
   141                           	global	str_copy
   142  00170  12 0019            	lcall	str_copy
   143                           	psect	data
   144  00113                     F168:
   145  00113  4B                 	db	(75)
   146  00114  4F                 	db	(79)
   147  00115  48                 	db	(72)
   148  00116  43                 	db	(67)
   149  00117  54                 	db	(84)
   150  00118  41                 	db	(65)
   151  00119  48                 	db	(72)
   152  0011A  54                 	db	(84)
   153  0011B  75                 	db	(117)
   154  0011C  48                 	db	(72)
   155  0011D  4F                 	db	(79)
   156  0011E  42                 	db	(66)
   157  0011F  75                 	db	(117)
   158  00120  27                 	db	(39)
   159  00121  2D                 	db	(45)
   160  00122  7C                 	db	(124)
   161  00123  00                 	db	0
   162                           ;	var   _st3 assigned to ?a_main+23
   163                           ;main.c: 21: unsigned char st3 [17]={'K','O','H'
                                 ,'C','T','A','H','T','u','H','O','B','u','\'','-
                                 ','|' };
   164                           
   165                           	psect	text
   166                           	line	21
   167  00173  78 01              	mov	r0,#high (F168)
   168  00175  79 13              	mov	r1,#low (F168)
   169  00177  7A 00              	mov	r2,#high (?a_main+23)
   170  00179  7B 37              	mov	r3,#low (?a_main+23)
   171  0017B  7D 11              	mov	r5,#low 17
   172  0017D  7C 00              	mov	r4,#high 17
   173                           	global	str_copy
   174  0017F  12 0019            	lcall	str_copy
   175                           ;main.c: 24: PCON = 0x80;
   176                           
   177                           	line	24
   178  00182  75 87 80           	mov	087h,#128
   179                           ;main.c: 26: for(i=0;i<11;i++){
   180                           
   181                           	line	26
   182  00185  E4                 	clr	a
   183  00186  F5 20              	mov	?a_main+0,a
   184  00188  F5 21              	mov	?a_main+0+1,a
   185  0018A  E5 21              	mov	a,?a_main+0+1
   186  0018C  24 F5              	add	a,#low -(11)
   187  0018E  E5 20              	mov	a,?a_main+0
   188  00190  34 FF              	addc	a,#high -(11)
   189  00192  50 02              	bnc	u21
   190  00194  80 02              	jmp	u20
   191  00196                     u21:
   192  00196  80 02              	jmp	l10
   193  00198                     u20:
   194  00198  80 20              	jmp	l11
   195  0019A                     l10:
   196                           ;main.c: 27: pp(st1[i]);
   197                           
   198                           	FNCALL	_main,_pp
   199                           	line	27
   200  0019A  74 24              	mov	a,#?a_main+4
   201  0019C  25 21              	add	a,?a_main+0+1
   202  0019E  F9                 	mov	r1,a
   203  0019F  87 05              	mov	5+0,@r1
   204  001A1  12 0124            	lcall	_pp
   205                           
   206                           	line	26
   207  001A4  05 21              	inc	?a_main+0+1
   208  001A6  E5 21              	mov	a,?a_main+0+1
   209  001A8  70 02              	jnz	u30
   210  001AA  05 20              	inc	?a_main+0
   211  001AC                     u30:
   212  001AC  E5 21              	mov	a,?a_main+0+1
   213  001AE  24 F5              	add	a,#low -(11)
   214  001B0  E5 20              	mov	a,?a_main+0
   215  001B2  34 FF              	addc	a,#high -(11)
   216  001B4  50 02              	bnc	u41
   217  001B6  80 02              	jmp	u40
   218  001B8                     u41:
   219  001B8  80 E0              	jmp	l10
   220  001BA                     u40:
   221  001BA                     l11:
   222                           ;main.c: 28: };
   223                           
   224                           ;main.c: 29: pp(2);
   225                           
   226                           	line	29
   227  001BA  7D 02              	mov	r5,#2
   228  001BC  12 0124            	lcall	_pp
   229                           
   230                           ;main.c: 30: for(i=0;i<8;i++){
   231                           
   232                           	line	30
   233  001BF  E4                 	clr	a
   234  001C0  F5 20              	mov	?a_main+0,a
   235  001C2  F5 21              	mov	?a_main+0+1,a
   236  001C4  E5 21              	mov	a,?a_main+0+1
   237  001C6  24 F8              	add	a,#low -(8)
   238  001C8  E5 20              	mov	a,?a_main+0
   239  001CA  34 FF              	addc	a,#high -(8)
   240  001CC  50 02              	bnc	u51
   241  001CE  80 02              	jmp	u50
   242  001D0                     u51:
   243  001D0  80 02              	jmp	l13
   244  001D2                     u50:
   245  001D2  80 20              	jmp	l14
   246  001D4                     l13:
   247                           ;main.c: 31: pp(st2[i]);
   248                           
   249                           	line	31
   250  001D4  74 2F              	mov	a,#?a_main+15
   251  001D6  25 21              	add	a,?a_main+0+1
   252  001D8  F9                 	mov	r1,a
   253  001D9  87 05              	mov	5+0,@r1
   254  001DB  12 0124            	lcall	_pp
   255                           
   256                           	line	30
   257  001DE  05 21              	inc	?a_main+0+1
   258  001E0  E5 21              	mov	a,?a_main+0+1
   259  001E2  70 02              	jnz	u60
   260  001E4  05 20              	inc	?a_main+0
   261  001E6                     u60:
   262  001E6  E5 21              	mov	a,?a_main+0+1
   263  001E8  24 F8              	add	a,#low -(8)
   264  001EA  E5 20              	mov	a,?a_main+0
   265  001EC  34 FF              	addc	a,#high -(8)
   266  001EE  50 02              	bnc	u71
   267  001F0  80 02              	jmp	u70
   268  001F2                     u71:
   269  001F2  80 E0              	jmp	l13
   270  001F4                     u70:
   271  001F4                     l14:
   272                           ;main.c: 32: };
   273                           
   274                           ;main.c: 33: pp(2);
   275                           
   276                           	line	33
   277  001F4  7D 02              	mov	r5,#2
   278  001F6  12 0124            	lcall	_pp
   279                           
   280                           ;main.c: 34: for(i=0;i<17;i++){
   281                           
   282                           	line	34
   283  001F9  E4                 	clr	a
   284  001FA  F5 20              	mov	?a_main+0,a
   285  001FC  F5 21              	mov	?a_main+0+1,a
   286  001FE  E5 21              	mov	a,?a_main+0+1
   287  00200  24 EF              	add	a,#low -(17)
   288  00202  E5 20              	mov	a,?a_main+0
   289  00204  34 FF              	addc	a,#high -(17)
   290  00206  50 02              	bnc	u81
   291  00208  80 02              	jmp	u80
   292  0020A                     u81:
   293  0020A  80 02              	jmp	l16
   294  0020C                     u80:
   295  0020C  80 20              	jmp	l17
   296  0020E                     l16:
   297                           ;main.c: 35: pp(st3[i]);
   298                           
   299                           	line	35
   300  0020E  74 37              	mov	a,#?a_main+23
   301  00210  25 21              	add	a,?a_main+0+1
   302  00212  F9                 	mov	r1,a
   303  00213  87 05              	mov	5+0,@r1
   304  00215  12 0124            	lcall	_pp
   305                           
   306                           	line	34
   307  00218  05 21              	inc	?a_main+0+1
   308  0021A  E5 21              	mov	a,?a_main+0+1
   309  0021C  70 02              	jnz	u90
   310  0021E  05 20              	inc	?a_main+0
   311  00220                     u90:
   312  00220  E5 21              	mov	a,?a_main+0+1
   313  00222  24 EF              	add	a,#low -(17)
   314  00224  E5 20              	mov	a,?a_main+0
   315  00226  34 FF              	addc	a,#high -(17)
   316  00228  50 02              	bnc	u101
   317  0022A  80 02              	jmp	u100
   318  0022C                     u101:
   319  0022C  80 E0              	jmp	l16
   320  0022E                     u100:
   321  0022E                     l17:
   322                           ;main.c: 36: };
   323                           
   324                           ;main.c: 37: pp(10);
   325                           
   326                           	line	37
   327  0022E  7D 0A              	mov	r5,#10
   328  00230  12 0124            	lcall	_pp
   329                           
   330                           ;main.c: 40: while(1){};
   331                           
   332                           	line	40
   333  00233                     l20:
   334  00233                     l19:
   335  00233  80 FE              	jmp	l20
   336  00235                     l21:
   337                           ;main.c: 41: }
   338                           
   339                           	line	41
   340  00235                     l9:
   341  00235  22                 	ret
   342  00236                     f1421:
   343  00236  02 014B            	j	f1420
   344                           	FNSIZE	_main,40,0
   345                           	global	?a_main
   346  0000                     f1422	equ	0
   347  0000                     _A10	equ	162
   348  0000                     _A11	equ	163
   349  0000                     _A12	equ	164
   350  0000                     _A13	equ	165
   351  0000                     _A14	equ	166
   352  0000                     _A15	equ	167
   353  0000                     _A8	equ	160
   354  0000                     _A9	equ	161
   355  0000                     _AC	equ	214
   356  0000                     _ACC0	equ	224
   357  0000                     _ACC1	equ	225
   358  0000                     _ACC2	equ	226
   359  0000                     _ACC3	equ	227
   360  0000                     _ACC4	equ	228
   361  0000                     _ACC5	equ	229
   362  0000                     _ACC6	equ	230
   363  0000                     _ACC7	equ	231
   364  0000                     _AD0	equ	128
   365  0000                     _AD1	equ	129
   366  0000                     _AD2	equ	130
   367  0000                     _AD3	equ	131
   368  0000                     _AD4	equ	132
   369  0000                     _AD5	equ	133
   370  0000                     _AD6	equ	134
   371  0000                     _AD7	equ	135
   372  0000                     _B0	equ	240
   373  0000                     _B1	equ	241
   374  0000                     _B2	equ	242
   375  0000                     _B3	equ	243
   376  0000                     _B4	equ	244
   377  0000                     _B5	equ	245
   378  0000                     _B6	equ	246
   379  0000                     _B7	equ	247
   380  0000                     _CY	equ	215
   381  0000                     _EA	equ	175
   382  0000                     _ES	equ	172
   383  0000                     _ET0	equ	169
   384  0000                     _ET1	equ	171
   385  0000                     _EX0	equ	168
   386  0000                     _EX1	equ	170
   387  0000                     _F0	equ	213
   388  0000                     _IE0	equ	137
   389  0000                     _IE1	equ	139
   390  0000                     _INT0	equ	178
   391  0000                     _INT1	equ	179
   392  0000                     _IT0	equ	136
   393  0000                     _IT1	equ	138
   394  0000                     _OV	equ	210
   395  0000                     _P	equ	208
   396  0000                     _P00	equ	128
   397  0000                     _P01	equ	129
   398  0000                     _P02	equ	130
   399  0000                     _P03	equ	131
   400  0000                     _P04	equ	132
   401  0000                     _P05	equ	133
   402  0000                     _P06	equ	134
   403  0000                     _P07	equ	135
   404  0000                     _P10	equ	144
   405  0000                     _P11	equ	145
   406  0000                     _P12	equ	146
   407  0000                     _P13	equ	147
   408  0000                     _P14	equ	148
   409  0000                     _P15	equ	149
   410  0000                     _P16	equ	150
   411  0000                     _P17	equ	151
   412  0000                     _P20	equ	160
   413  0000                     _P21	equ	161
   414  0000                     _P22	equ	162
   415  0000                     _P23	equ	163
   416  0000                     _P24	equ	164
   417  0000                     _P25	equ	165
   418  0000                     _P26	equ	166
   419  0000                     _P27	equ	167
   420  0000                     _P30	equ	176
   421  0000                     _P31	equ	177
   422  0000                     _P32	equ	178
   423  0000                     _P33	equ	179
   424  0000                     _P34	equ	180
   425  0000                     _P35	equ	181
   426  0000                     _P36	equ	182
   427  0000                     _P37	equ	183
   428  0000                     _PS	equ	188
   429  0000                     _PT0	equ	185
   430  0000                     _PT1	equ	187
   431  0000                     _PX0	equ	184
   432  0000                     _PX1	equ	186
   433  0000                     _RB8	equ	154
   434  0000                     _RD	equ	183
   435  0000                     _REN	equ	156
   436  0000                     _RI	equ	152
   437  0000                     _RS0	equ	211
   438  0000                     _RS1	equ	212
   439  0000                     _RXD	equ	176
   440  0000                     _SM0	equ	159
   441  0000                     _SM1	equ	158
   442  0000                     _SM2	equ	157
   443  0000                     _T0	equ	180
   444  0000                     _T1	equ	181
   445  0000                     _TB8	equ	155
   446  0000                     _TF0	equ	141
   447  0000                     _TF1	equ	143
   448  0000                     _TI	equ	153
   449  0000                     _TR0	equ	140
   450  0000                     _TR1	equ	142
   451  0000                     _TXD	equ	177
   452  0000                     _WR	equ	182
   453  0000                     _ACC	equ	224
   454  0000                     _B	equ	240
   455  0000                     _DPH	equ	131
   456  0000                     _DPL	equ	130
   457  0000                     _IE	equ	168
   458  0000                     _IP	equ	184
   459  0000                     _P0	equ	128
   460  0000                     _P1	equ	144
   461  0000                     _P2	equ	160
   462  0000                     _P3	equ	176
   463  0000                     _PCON	equ	135
   464  0000                     _PSW	equ	208
   465  0000                     _SBUF	equ	153
   466  0000                     _SCON	equ	152
   467  0000                     _SP	equ	129
   468  0000                     _TCON	equ	136
   469  0000                     _TH0	equ	140
   470  0000                     _TH1	equ	141
   471  0000                     _TL0	equ	138
   472  0000                     _TL1	equ	139
   473  0000                     _TMOD	equ	137
   474  0000                     _ACC_BITS	equ	224
   475  0000                     _B_BITS	equ	240
   476  0000                     _IE_BITS	equ	168
   477  0000                     _IP_BITS	equ	184
   478  0000                     _P0_BITS	equ	128
   479  0000                     _P1_BITS	equ	144
   480  0000                     _P2_BITS	equ	160
   481  0000                     _P3_BITS	equ	176
   482  0000                     _PCON_BITS	equ	135
   483  0000                     _PSW_BITS	equ	208
   484  0000                     _SCON_BITS	equ	152
   485  0000                     _TCON_BITS	equ	136
   486  0000                     _TMOD_BITS	equ	137


HI-TECH Software 8051 Macro Assembler V9.60                                Page 2
Symbol Table                                           Fri May 13 12:48:39 2022

       ?a_main 00020              _B 000F0              l2 00145  
            l3 0013C              l4 0013C              l5 00143  
            _P 000D0              l9 00235             _B0 000F0  
           _B1 000F1             _B2 000F2             _B3 000F3  
           _B4 000F4             _B5 000F5             _B6 000F6  
           _A8 000A0             _B7 000F7             _A9 000A1  
           _F0 000D5             _AC 000D6             l10 0019A  
           l11 001BA             l20 00233             l21 00235  
           l13 001D4             l14 001F4             _EA 000AF  
           l16 0020E             l17 0022E             l19 00233  
           _P0 00080             _P1 00090             _P2 000A0  
           _P3 000B0             _IE 000A8             _T0 000B4  
           _T1 000B5             _ES 000AC             _CY 000D7  
           _IP 000B8             _RD 000B7             u10 00143  
           u11 00141             u20 00198             _RI 00098  
           u21 00196             u30 001AC             u40 001BA  
           _TI 00099             u41 001B8             u50 001D2  
           _PS 000BC             u51 001D0             _OV 000D2  
           u60 001E6             _SP 00081             u70 001F4  
           u71 001F2             u80 0020C             u81 0020A  
           u90 00220             _WR 000B6             _pp 00124  
       _B_BITS 000F0            F160 00100            F164 0010B  
          F168 00113            _A10 000A2            _A11 000A3  
          _A12 000A4            _A13 000A5            _A14 000A6  
          _A15 000A7            _AD0 00080            _AD1 00081  
          _AD2 00082            _AD3 00083            _AD4 00084  
          _AD5 00085            _AD6 00086            _AD7 00087  
          _ACC 000E0            _P00 00080            _P01 00081  
          _P10 00090            _P02 00082            _P11 00091  
          _P03 00083            _P20 000A0            _P12 00092  
          _P04 00084            _P21 000A1            _P13 00093  
          _P05 00085            _P30 000B0            _P22 000A2  
          _P14 00094            _P06 00086            _P31 000B1  
          _P23 000A3            _P15 00095            _P07 00087  
          _P32 000B2            _P24 000A4            _P16 00096  
          _P33 000B3            _P25 000A5            _P17 00097  
          _P34 000B4            _P26 000A6            _P35 000B5  
          _P27 000A7            _P36 000B6            _P37 000B7  
          _IE0 00089            _IE1 0008B            _ET0 000A9  
          _ET1 000AB            _EX0 000A8            _EX1 000AA  
          _DPH 00083            _DPL 00082            _IT0 00088  
          _IT1 0008A            _RB8 0009A            u100 0022E  
          u101 0022C            _TF0 0008D            _TB8 0009B  
          _TF1 0008F            _TH0 0008C            _TH1 0008D  
          _SM0 0009F            _SM1 0009E            _TL0 0008A  
          _SM2 0009D            _PT0 000B9            _TL1 0008B  
          _PT1 000BB            _RS0 000D3            _RS1 000D4  
          _REN 0009C            _PX0 000B8            _PX1 000BA  
          _TR0 0008C            _TR1 0008E            _RXD 000B0  
          _PSW 000D0            _TXD 000B1        _P0_BITS 00080  
      _P1_BITS 00090        _P2_BITS 000A0        _P3_BITS 000B0  
      _IE_BITS 000A8       _ACC_BITS 000E0        _IP_BITS 000B8  
         f1410 00126           f1411 00146           f1420 0014B  
         f1412 00000           f1421 00236           f1422 00000  
         _ACC0 000E0           _ACC1 000E1           _ACC2 000E2  
         _ACC3 000E3           _ACC4 000E4           _ACC5 000E5  
         _ACC6 000E6           _ACC7 000E7           ?a_pp 00048  
stack_internal 00001           _INT0 000B2           _INT1 000B3  
         _PCON 00087           _SCON 00098           _SBUF 00099  
         _TCON 00088           _TMOD 00089           _main 00148  
     _PSW_BITS 000D0      _PCON_BITS 00087      _SCON_BITS 00098  
    _TCON_BITS 00088        str_copy 00019      _TMOD_BITS 00089  
